<?xml version="1.0" encoding="UTF-8"?>
<!-- Generated by org.testng.reporters.JUnitXMLReporter -->
<testsuite ignored="1" hostname="DESKTOP-Q4PLDNB" failures="0" tests="4" name="Test" time="19.831" errors="0" timestamp="2025-12-16T19:02:08 IST">
  <testcase classname="pack.Class3" name="youtube" time="9.411"/>
  <testcase classname="pack.Class2" name="facebook" time="4.045"/>
  <testcase classname="pack.Class1" name="initialize" time="1.991"/>
  <testcase classname="pack.Class1" name="test" time="4.251"/>
  <testcase classname="pack.Class4" name="car" time="0.0">
    <ignored/>
  </testcase> <!-- car -->
</testsuite> <!-- Test -->
