<?xml version="1.0" encoding="UTF-8"?>
<!-- Generated by org.testng.reporters.JUnitXMLReporter -->
<testsuite ignored="1" hostname="DESKTOP-Q4PLDNB" failures="0" tests="4" name="Test" time="26.783" errors="0" timestamp="2025-12-17T23:15:48 IST">
  <testcase classname="pack.Class3" name="youtube" time="12.921"/>
  <testcase classname="pack.Class2" name="facebook" time="7.005"/>
  <testcase classname="pack.Class1" name="initialize" time="2.488"/>
  <testcase classname="pack.Class1" name="test" time="4.234"/>
  <testcase classname="pack.Class4" name="car" time="0.0">
    <ignored/>
  </testcase> <!-- car -->
</testsuite> <!-- Test -->
