<?xml version="1.0" encoding="UTF-8"?>
<!-- Generated by org.testng.reporters.JUnitXMLReporter -->
<testsuite ignored="0" hostname="DESKTOP-Q4PLDNB" failures="0" tests="5" name="ParallelTests" time="15.0" errors="0" timestamp="2025-12-17T16:18:18 IST">
  <testcase classname="pack.Class4" name="car" time="0.013"/>
  <testcase classname="pack.Class1" name="initialize" time="3.79"/>
  <testcase classname="pack.Class2" name="facebook" time="5.289"/>
  <testcase classname="pack.Class1" name="test" time="4.225"/>
  <testcase classname="pack.Class3" name="youtube" time="14.921"/>
</testsuite> <!-- ParallelTests -->
