<?xml version="1.0" encoding="UTF-8"?>
<testng-results ignored="0" total="4" passed="4" failed="0" skipped="0">
  <reporter-output>
  </reporter-output>
  <suite started-at="2025-12-17T23:15:21 IST" name="Suite" finished-at="2025-12-17T23:15:48 IST" duration-ms="26783">
    <groups>
    </groups>
    <test started-at="2025-12-17T23:15:21 IST" name="Test" finished-at="2025-12-17T23:15:48 IST" duration-ms="26783">
      <class name="pack.Class2">
        <test-method signature="facebook()[pri:0, instance:pack.Class2@41e36e46]" started-at="2025-12-17T23:15:34 IST" name="facebook" finished-at="2025-12-17T23:15:41 IST" duration-ms="7005" status="PASS">
          <reporter-output>
          </reporter-output>
        </test-method> <!-- facebook -->
      </class> <!-- pack.Class2 -->
      <class name="pack.Class1">
        <test-method is-config="true" signature="bike()[pri:0, instance:pack.Class1@495b0487]" started-at="2025-12-17T23:15:21 IST" name="bike" finished-at="2025-12-17T23:15:21 IST" duration-ms="23" status="PASS">
          <reporter-output>
          </reporter-output>
        </test-method> <!-- bike -->
        <test-method signature="initialize()[pri:0, instance:pack.Class1@495b0487]" started-at="2025-12-17T23:15:41 IST" name="initialize" finished-at="2025-12-17T23:15:43 IST" duration-ms="2488" status="PASS">
          <reporter-output>
          </reporter-output>
        </test-method> <!-- initialize -->
        <test-method signature="test()[pri:0, instance:pack.Class1@495b0487]" started-at="2025-12-17T23:15:43 IST" name="test" finished-at="2025-12-17T23:15:48 IST" depends-on-methods="pack.Class1.initialize" duration-ms="4234" status="PASS">
          <reporter-output>
          </reporter-output>
        </test-method> <!-- test -->
      </class> <!-- pack.Class1 -->
      <class name="pack.Class3">
        <test-method signature="youtube()[pri:0, instance:pack.Class3@76508ed1]" started-at="2025-12-17T23:15:21 IST" name="youtube" finished-at="2025-12-17T23:15:34 IST" duration-ms="12921" status="PASS">
          <reporter-output>
          </reporter-output>
        </test-method> <!-- youtube -->
      </class> <!-- pack.Class3 -->
    </test> <!-- Test -->
  </suite> <!-- Suite -->
</testng-results>
