<?xml version="1.0" encoding="UTF-8"?>
<testng-results ignored="0" total="5" passed="5" failed="0" skipped="0">
  <reporter-output>
  </reporter-output>
  <suite started-at="2025-12-17T16:18:03 IST" name="ParallelSuite" finished-at="2025-12-17T16:18:18 IST" duration-ms="15000">
    <groups>
      <group name="car">
        <method signature="Class4.car()[pri:0, instance:pack.Class4@5fe94a96]" name="car" class="pack.Class4"/>
      </group> <!-- car -->
    </groups>
    <test started-at="2025-12-17T16:18:03 IST" name="ParallelTests" finished-at="2025-12-17T16:18:18 IST" duration-ms="15000">
      <class name="pack.Class2">
        <test-method signature="facebook()[pri:0, instance:pack.Class2@51399530]" started-at="2025-12-17T16:18:03 IST" name="facebook" finished-at="2025-12-17T16:18:09 IST" duration-ms="5289" status="PASS">
          <reporter-output>
          </reporter-output>
        </test-method> <!-- facebook -->
      </class> <!-- pack.Class2 -->
      <class name="pack.Class1">
        <test-method is-config="true" signature="bike()[pri:0, instance:pack.Class1@3d97a632]" started-at="2025-12-17T16:18:03 IST" name="bike" finished-at="2025-12-17T16:18:03 IST" duration-ms="13" status="PASS">
          <reporter-output>
          </reporter-output>
        </test-method> <!-- bike -->
        <test-method signature="initialize()[pri:0, instance:pack.Class1@3d97a632]" started-at="2025-12-17T16:18:03 IST" name="initialize" finished-at="2025-12-17T16:18:07 IST" duration-ms="3790" status="PASS">
          <reporter-output>
          </reporter-output>
        </test-method> <!-- initialize -->
        <test-method signature="test()[pri:0, instance:pack.Class1@3d97a632]" started-at="2025-12-17T16:18:07 IST" name="test" finished-at="2025-12-17T16:18:11 IST" depends-on-methods="pack.Class1.initialize" duration-ms="4225" status="PASS">
          <reporter-output>
          </reporter-output>
        </test-method> <!-- test -->
      </class> <!-- pack.Class1 -->
      <class name="pack.Class4">
        <test-method signature="car()[pri:0, instance:pack.Class4@5fe94a96]" started-at="2025-12-17T16:18:03 IST" name="car" finished-at="2025-12-17T16:18:03 IST" duration-ms="13" status="PASS">
          <reporter-output>
          </reporter-output>
        </test-method> <!-- car -->
      </class> <!-- pack.Class4 -->
      <class name="pack.Class3">
        <test-method signature="youtube()[pri:0, instance:pack.Class3@6771beb3]" started-at="2025-12-17T16:18:03 IST" name="youtube" finished-at="2025-12-17T16:18:18 IST" duration-ms="14921" status="PASS">
          <reporter-output>
          </reporter-output>
        </test-method> <!-- youtube -->
      </class> <!-- pack.Class3 -->
    </test> <!-- ParallelTests -->
  </suite> <!-- ParallelSuite -->
</testng-results>
